[2018/06/21 08:52:16]Message : 开始登录
[2018/06/21 08:52:21]Message : 加载开始
[2018/06/21 08:52:21]Message : 查询开始
[2018/06/21 08:52:21]Message : 请输入要查询的内容
[2018/06/21 08:52:21]Message : 查询结束
[2018/06/21 08:52:21]Message : sheet1加载成功!
[2018/06/21 08:52:22]Message : 内容查看跳转: 1
[2018/06/21 08:52:22]Message : 加载结束
[2018/06/21 08:52:22]Message : 内容查看跳转: 5
[2018/06/21 08:58:21]Message : 开始登录
[2018/06/21 08:58:29]Message : 加载开始
[2018/06/21 08:58:29]Message : 查询开始
[2018/06/21 08:58:29]Message : 请输入要查询的内容
[2018/06/21 08:58:29]Message : 查询结束
[2018/06/21 08:58:29]Message : sheet1加载成功!
[2018/06/21 08:58:29]Message : 内容查看跳转: 1
[2018/06/21 08:58:29]Message : 加载结束
[2018/06/21 08:58:31]Message : 内容查看跳转: 5
[2018/06/21 09:02:48]Message : 开始登录
[2018/06/21 09:02:55]Message : 加载开始
[2018/06/21 09:02:55]Message : 查询开始
[2018/06/21 09:02:55]Message : 请输入要查询的内容
[2018/06/21 09:02:55]Message : 查询结束
[2018/06/21 09:02:55]Message : sheet1加载成功!
[2018/06/21 09:02:55]Message : 内容查看跳转: 1
[2018/06/21 09:02:55]Message : 加载结束
[2018/06/21 09:02:56]Message : 内容查看跳转: 5
[2018/06/21 09:03:14]Message : 打开目录
[2018/06/21 21:06:51]Message : 开始登录
[2018/06/21 21:06:57]Message : 加载开始
[2018/06/21 21:06:57]Message : 查询开始
[2018/06/21 21:06:57]Message : 请输入要查询的内容
[2018/06/21 21:06:57]Message : 查询结束
[2018/06/21 21:06:57]Message : sheet1加载成功!
[2018/06/21 21:06:57]Message : 内容查看跳转: 1
[2018/06/21 21:06:57]Message : 加载结束
[2018/06/21 21:06:58]Message : 内容查看跳转: 5
[2018/06/21 21:06:59]Message : 内容查看跳转: 1
[2018/06/21 21:07:00]Message : 内容查看跳转: 5
[2018/06/21 21:12:16]Message : 开始登录
[2018/06/21 21:12:19]Message : 加载开始
[2018/06/21 21:12:19]Message : 查询开始
[2018/06/21 21:12:19]Message : 请输入要查询的内容
[2018/06/21 21:12:19]Message : 查询结束
[2018/06/21 21:12:19]Message : sheet1加载成功!
[2018/06/21 21:12:19]Message : 内容查看跳转: 1
[2018/06/21 21:12:19]Message : 加载结束
[2018/06/21 21:12:20]Message : 内容查看跳转: 5
[2018/06/21 21:12:23]Message : 刷新sheet5
[2018/06/21 21:12:29]Message : 打开目录
[2018/06/21 21:12:46]Message : 上传文件
[2018/06/21 21:12:59]Message : 选择文件
[2018/06/21 21:13:04]Message : 刷新sheet5
[2018/06/21 21:13:04]Message : 刷新sheet5
[2018/06/21 21:13:11]Message : 上传文件
[2018/06/21 21:19:31]Message : 开始登录
[2018/06/21 21:19:35]Message : 加载开始
[2018/06/21 21:19:35]Message : 查询开始
[2018/06/21 21:19:35]Message : 请输入要查询的内容
[2018/06/21 21:19:36]Message : 查询结束
[2018/06/21 21:19:36]Message : sheet1加载成功!
[2018/06/21 21:19:36]Message : 内容查看跳转: 1
[2018/06/21 21:19:36]Message : 加载结束
[2018/06/21 21:19:36]Message : 内容查看跳转: 5
[2018/06/21 21:19:45]Message : 刷新sheet5
[2018/06/21 21:19:46]Message : 刷新sheet5
[2018/06/21 21:19:46]Message : 刷新sheet5
[2018/06/21 21:19:46]Message : 刷新sheet5
[2018/06/21 21:19:48]Message : Sheet5更新成功
[2018/06/21 21:30:36]Message : 开始登录
[2018/06/21 21:30:40]Message : 加载开始
[2018/06/21 21:30:40]Message : 查询开始
[2018/06/21 21:30:40]Message : 请输入要查询的内容
[2018/06/21 21:30:40]Message : 查询结束
[2018/06/21 21:30:40]Message : sheet1加载成功!
[2018/06/21 21:30:40]Message : 内容查看跳转: 1
[2018/06/21 21:30:40]Message : 加载结束
[2018/06/21 21:30:41]Message : 内容查看跳转: 5
[2018/06/21 21:30:54]Message : 刷新sheet5
[2018/06/21 21:31:01]Message : s5上传文件
[2018/06/21 21:31:19]Message : 选择文件
[2018/06/21 21:31:23]Message : 刷新sheet5
[2018/06/21 21:34:49]Message : 刷新sheet5
[2018/06/21 21:34:49]Message : 刷新sheet5
[2018/06/21 21:34:50]Message : 刷新sheet5
[2018/06/21 21:34:50]Message : 刷新sheet5
[2018/06/21 21:34:51]Message : 刷新sheet5
[2018/06/21 21:34:52]Message : s5保存
[2018/06/21 21:34:52]Message : Sheet5更新成功
[2018/06/21 21:34:52]Message : s5保存，失败！System.FormatException: 输入字符串的格式不正确。
   在 System.Number.StringToNumber(String str, NumberStyles options, NumberBuffer& number, NumberFormatInfo info, Boolean parseDecimal)
   在 System.Number.ParseInt32(String s, NumberStyles style, NumberFormatInfo info)
   在 WindowsFormsAccess.Form1.button25_Click(Object sender, EventArgs e) 位置 Y:\project\20180508-access\wfsAccessSvn\WindowsFormsAccess\Form1.cs:行号 915
[2018/06/21 21:35:18]Message : 刷新sheet5
[2018/06/21 21:35:20]Message : 刷新sheet5
[2018/06/21 21:35:21]Message : 刷新sheet5
[2018/06/21 21:35:45]Message : 打开目录
[2018/06/21 21:35:52]Message : 打开目录
[2018/06/21 21:36:11]Message : 刷新sheet5
[2018/06/21 21:36:20]Message : 刷新sheet5
[2018/06/21 22:16:03]Message : 开始登录
[2018/06/21 22:16:20]Message : 内容查看跳转: 0
[2018/06/21 22:16:23]Message : 加载开始
[2018/06/21 22:16:23]Message : 查询开始
[2018/06/21 22:16:23]Message : 请输入要查询的内容
[2018/06/21 22:16:23]Message : 查询结束
[2018/06/21 22:16:23]Message : sheet1加载成功!
[2018/06/21 22:16:24]Message : 内容查看跳转: 1
[2018/06/21 22:16:24]Message : 加载结束
[2018/06/21 22:16:25]Message : 内容查看跳转: 5
[2018/06/21 22:16:29]Message : 刷新sheet5
[2018/06/21 22:16:32]Message : s5保存
[2018/06/21 22:16:32]Message : Sheet5更新成功
[2018/06/21 22:16:32]Message : s5保存，失败！System.FormatException: 输入字符串的格式不正确。
   在 System.Number.StringToNumber(String str, NumberStyles options, NumberBuffer& number, NumberFormatInfo info, Boolean parseDecimal)
   在 System.Number.ParseInt32(String s, NumberStyles style, NumberFormatInfo info)
   在 WindowsFormsAccess.Form1.button25_Click(Object sender, EventArgs e) 位置 Y:\project\20180508-access\wfsAccessSvn\WindowsFormsAccess\Form1.cs:行号 915
[2018/06/21 22:16:39]Message : 刷新sheet5
[2018/06/21 22:16:44]Message : 刷新sheet5
[2018/06/21 22:16:44]Message : 刷新sheet5
[2018/06/21 22:16:45]Message : 刷新sheet5
[2018/06/21 22:16:45]Message : 刷新sheet5
[2018/06/21 22:16:45]Message : 刷新sheet5
[2018/06/21 22:16:46]Message : 刷新sheet5
[2018/06/21 22:17:44]Message : 开始登录
[2018/06/21 22:17:56]Message : 加载开始
[2018/06/21 22:17:56]Message : 查询开始
[2018/06/21 22:17:56]Message : 请输入要查询的内容
[2018/06/21 22:17:56]Message : 查询结束
[2018/06/21 22:17:56]Message : sheet1加载成功!
[2018/06/21 22:17:57]Message : 内容查看跳转: 1
[2018/06/21 22:17:57]Message : 加载结束
[2018/06/21 22:17:58]Message : 内容查看跳转: 5
[2018/06/21 22:17:59]Message : 刷新sheet5
[2018/06/21 22:18:07]Message : 刷新sheet5
[2018/06/21 22:18:08]Message : 刷新sheet5
[2018/06/21 22:18:08]Message : 刷新sheet5
[2018/06/21 22:18:08]Message : 刷新sheet5
[2018/06/21 22:18:08]Message : 刷新sheet5
[2018/06/21 22:18:08]Message : 刷新sheet5
[2018/06/21 22:18:59]Message : s5保存
[2018/06/21 22:18:59]Message : Sheet5更新成功
[2018/06/21 22:18:59]Message : s5保存，失败！System.FormatException: 输入字符串的格式不正确。
   在 System.Number.StringToNumber(String str, NumberStyles options, NumberBuffer& number, NumberFormatInfo info, Boolean parseDecimal)
   在 System.Number.ParseInt32(String s, NumberStyles style, NumberFormatInfo info)
   在 WindowsFormsAccess.Form1.button25_Click(Object sender, EventArgs e) 位置 Y:\project\20180508-access\wfsAccessSvn\WindowsFormsAccess\Form1.cs:行号 915
[2018/06/21 22:19:01]Message : 刷新sheet5
[2018/06/21 22:19:10]Message : 刷新sheet5
[2018/06/21 22:19:11]Message : 刷新sheet5
[2018/06/21 22:19:11]Message : 刷新sheet5
[2018/06/21 22:19:11]Message : 刷新sheet5
[2018/06/21 22:19:11]Message : 刷新sheet5
[2018/06/21 22:19:12]Message : 刷新sheet5
[2018/06/21 22:20:52]Message : 开始登录
[2018/06/21 22:20:56]Message : 加载开始
[2018/06/21 22:20:56]Message : 查询开始
[2018/06/21 22:20:56]Message : 请输入要查询的内容
[2018/06/21 22:20:56]Message : 查询结束
[2018/06/21 22:20:56]Message : sheet1加载成功!
[2018/06/21 22:20:57]Message : 内容查看跳转: 1
[2018/06/21 22:20:57]Message : 加载结束
[2018/06/21 22:20:58]Message : 内容查看跳转: 5
[2018/06/21 22:21:01]Message : 刷新sheet5
[2018/06/21 22:21:07]Message : s5上传文件
[2018/06/21 22:21:17]Message : 选择文件
[2018/06/21 22:21:21]Message : 刷新sheet5
[2018/06/21 22:21:22]Message : 刷新sheet5
[2018/06/21 22:23:54]Message : 开始登录
[2018/06/21 22:23:58]Message : 加载开始
[2018/06/21 22:23:58]Message : 查询开始
[2018/06/21 22:23:58]Message : 请输入要查询的内容
[2018/06/21 22:23:58]Message : 查询结束
[2018/06/21 22:23:58]Message : sheet1加载成功!
[2018/06/21 22:23:59]Message : 内容查看跳转: 1
[2018/06/21 22:23:59]Message : 加载结束
[2018/06/21 22:24:00]Message : 内容查看跳转: 5
[2018/06/21 22:24:03]Message : 刷新sheet5
[2018/06/21 22:24:10]Message : s5上传文件
[2018/06/21 22:24:24]Message : 选择文件
[2018/06/21 22:24:26]Message : 刷新sheet5
[2018/06/21 22:24:58]Message : s5保存
[2018/06/21 22:24:58]Message : Sheet5更新成功
[2018/06/21 22:24:59]Message : s5保存，失败！System.FormatException: 输入字符串的格式不正确。
   在 System.Number.StringToNumber(String str, NumberStyles options, NumberBuffer& number, NumberFormatInfo info, Boolean parseDecimal)
   在 System.Number.ParseInt32(String s, NumberStyles style, NumberFormatInfo info)
   在 WindowsFormsAccess.Form1.button25_Click(Object sender, EventArgs e) 位置 Y:\project\20180508-access\wfsAccessSvn\WindowsFormsAccess\Form1.cs:行号 915
[2018/06/21 22:28:50]Message : s5保存
[2018/06/21 22:28:55]Message : 内容查看跳转: 4
[2018/06/21 22:28:55]Message : 内容查看跳转: 5
[2018/06/21 22:28:57]Message : s5保存
[2018/06/21 22:29:06]Message : 开始登录
[2018/06/21 22:29:16]Message : 加载开始
[2018/06/21 22:29:16]Message : 查询开始
[2018/06/21 22:29:16]Message : 请输入要查询的内容
[2018/06/21 22:29:16]Message : 查询结束
[2018/06/21 22:29:16]Message : sheet1加载成功!
[2018/06/21 22:29:17]Message : 内容查看跳转: 1
[2018/06/21 22:29:17]Message : 加载结束
[2018/06/21 22:29:18]Message : 内容查看跳转: 5
[2018/06/21 22:29:23]Message : 刷新sheet5
[2018/06/21 22:29:25]Message : 刷新sheet5
[2018/06/21 22:29:25]Message : 刷新sheet5
[2018/06/21 22:29:25]Message : 刷新sheet5
[2018/06/21 22:29:40]Message : s5保存
[2018/06/21 22:29:40]Message : Sheet5更新成功
[2018/06/21 22:29:40]Message : s5保存，失败！System.FormatException: 输入字符串的格式不正确。
   在 System.Number.StringToNumber(String str, NumberStyles options, NumberBuffer& number, NumberFormatInfo info, Boolean parseDecimal)
   在 System.Number.ParseInt32(String s, NumberStyles style, NumberFormatInfo info)
   在 WindowsFormsAccess.Form1.button25_Click(Object sender, EventArgs e) 位置 Y:\project\20180508-access\wfsAccessSvn\WindowsFormsAccess\Form1.cs:行号 915
[2018/06/21 22:30:02]Message : 刷新sheet5
[2018/06/21 22:30:04]Message : s5保存
[2018/06/21 22:30:04]Message : Sheet5更新成功
[2018/06/21 22:30:04]Message : s5保存，失败！System.FormatException: 输入字符串的格式不正确。
   在 System.Number.StringToNumber(String str, NumberStyles options, NumberBuffer& number, NumberFormatInfo info, Boolean parseDecimal)
   在 System.Number.ParseInt32(String s, NumberStyles style, NumberFormatInfo info)
   在 WindowsFormsAccess.Form1.button25_Click(Object sender, EventArgs e) 位置 Y:\project\20180508-access\wfsAccessSvn\WindowsFormsAccess\Form1.cs:行号 915
[2018/06/21 22:30:21]Message : 刷新sheet5
[2018/06/21 22:30:23]Message : s5保存
[2018/06/21 22:30:23]Message : Sheet5更新成功
[2018/06/21 22:30:24]Message : s5保存，失败！System.FormatException: 输入字符串的格式不正确。
   在 System.Number.StringToNumber(String str, NumberStyles options, NumberBuffer& number, NumberFormatInfo info, Boolean parseDecimal)
   在 System.Number.ParseInt32(String s, NumberStyles style, NumberFormatInfo info)
   在 WindowsFormsAccess.Form1.button25_Click(Object sender, EventArgs e) 位置 Y:\project\20180508-access\wfsAccessSvn\WindowsFormsAccess\Form1.cs:行号 915
